Arguments: 
  C:\Program Files\nodejs\node.exe C:\Program Files (x86)\Yarn\bin\yarn.js start:rendertron

PATH: 
  C:\Program Files\Git\mingw64\bin;C:\Program Files\Git\usr\bin;C:\Users\khatrih\bin;C:\Program Files\Microsoft MPI\Bin;C:\ProgramData\Oracle\Java\javapath;C:\Windows\system32;C:\Windows;C:\Windows\System32\Wbem;C:\Windows\System32\WindowsPowerShell\v1.0;C:\Program Files\Microsoft SQL Server\130\Tools\Binn;C:\Program Files (x86)\Microsoft SQL Server\Client SDK\ODBC\130\Tools\Binn;C:\Program Files (x86)\Microsoft SQL Server\130\Tools\Binn;C:\Program Files (x86)\Microsoft SQL Server\130\DTS\Binn;C:\Program Files (x86)\Microsoft SQL Server\130\Tools\Binn\ManagementStudio;C:\Program Files (x86)\Microsoft SQL Server\110\DTS\Binn;C:\Program Files (x86)\Microsoft SQL Server\120\DTS\Binn;C:\Program Files\Microsoft\Web Platform Installer;C:\Program Files\TortoiseHg;C:\Program Files\dotnet;C:\Nuget;C:\Program Files (x86)\GitExtensions;C:\Program Files\Microsoft Service Fabric\bin\Fabric\Fabric.Code;C:\Program Files\Microsoft SDKs\Service Fabric\Tools\ServiceFabricLocalClusterManager;C:\Program Files\SourceGear\Common\DiffMerge;C:\Program Files (x86)\Microsoft SQL Server\140\DTS\Binn;C:\Program Files (x86)\Microsoft SQL Server\140\Tools\Binn;C:\Program Files (x86)\Microsoft SQL Server\140\Tools\Binn\ManagementStudio;C:\Program Files\Microsoft SQL Server\130\DTS\Binn;C:\Program Files\Microsoft SQL Server\Client SDK\ODBC\130\Tools\Binn;C:\Program Files (x86)\Yarn\bin;C:\Program Files\Microsoft SQL Server\140\Tools\Binn;C:\Program Files\Microsoft SQL Server\140\DTS\Binn;C:\Windows\Microsoft.NET\Framework64\v4.0.30319;C:\Program Files\TortoiseGit\bin;C:\Python27;C:\Program Files\nodejs;C:\Program Files\Git\cmd;C:\Program Files (x86)\dotnet;C:\Users\khatrih\AppData\Local\Programs\Python\Python36-32\Scripts;C:\Users\khatrih\AppData\Local\Programs\Python\Python36-32;C:\Users\khatrih\AppData\Local\Microsoft\WindowsApps;C:\Program Files\Microsoft VS Code\bin;C:\Users\khatrih\AppData\Local\Yarn\bin;C:\Users\khatrih\AppData\Roaming\npm;C:\Users\khatrih\AppData\Local\Programs\Microsoft VS Code\bin;C:\Users\khatrih\.dotnet\tools

Yarn version: 
  1.5.1

Node version: 
  8.11.4

Platform: 
  win32 x64

npm manifest: 
  {
    "name": "rendertron",
    "version": "2.0.1",
    "description": "Renders webpages using headless Chrome for usage by bots",
    "license": "Apache-2.0",
    "repository": "https://github.com/GoogleChrome/rendertron",
    "engines": {
      "node": ">=7"
    },
    "main": "build/rendertron.js",
    "types": "build/rendertron.d.ts",
    "bin": "bin/rendertron",
    "scripts": {
      "dev": "npm run build && npm run start",
      "build": "tsc",
      "prepack": "npm run build",
      "start:rendertron": "npm run build && node build/rendertron.js",
      "start": "npm run build && npm run start:client",
      "start:client": "node build/rendertron-client.js",
      "format": "find src -name '*.ts' | xargs clang-format --style=file -i",
      "lint": "tslint --project . --format stylish",
      "monitor": "nodemon src/main.js",
      "monitor-inspect": "nodemon --inspect src/main.js",
      "test": "(cd test-resources && npm install) && npm run build && ava build/test/app-test.js --timeout 5s",
      "start-emulator": "(gcloud beta emulators datastore start --no-store-on-disk --project emulator-project &) 2>&1 | grep -m1 'now running'",
      "test-cache": "npm run start-emulator && $(gcloud beta emulators datastore env-init) && export GCLOUD_PROJECT='emulator-project' && ava build/test/datastore-cache-test.js"
    },
    "dependencies": {
      "@google-cloud/datastore": "^2.0.0",
      "@types/fs-extra": "^5.0.4",
      "@types/jsonpath": "^0.2.0",
      "@types/node-fetch": "^2.1.4",
      "@webcomponents/webcomponentsjs": "^2.2.0",
      "chrome-launcher": "^0.10.5",
      "chrome-remote-interface": "^0.26.1",
      "cross-env": "^5.2.0",
      "fs-extra": "^7.0.1",
      "jsonpath": "^1.0.0",
      "koa": "^2.6.2",
      "koa-bodyparser": "^4.2.1",
      "koa-compress": "^3.0.0",
      "koa-route": "^3.2.0",
      "koa-send": "^5.0.0",
      "koa-static": "^5.0.0",
      "node-fetch": "^2.3.0",
      "performance-now": "^2.1.0",
      "progress-bar-element": "^2.0.1",
      "puppeteer": "^1.10.0",
      "semver": "^5.6.0",
      "uuid": "^3.3.2",
      "xml-js": "^1.6.8"
    },
    "devDependencies": {
      "@types/google-cloud__datastore": "^1.3.3",
      "@types/koa": "^2.0.46",
      "@types/koa-bodyparser": "^5.0.1",
      "@types/koa-compress": "^2.0.8",
      "@types/koa-route": "^3.2.4",
      "@types/koa-send": "^4.1.1",
      "@types/koa-static": "^4.0.0",
      "@types/puppeteer": "^1.10.0",
      "@types/supertest": "^2.0.6",
      "ava": "0.25.0",
      "nodemon": "^1.18.6",
      "supertest": "^3.3.0",
      "tslint": "^5.11.0",
      "typescript": "^3.1.6"
    }
  }

yarn manifest: 
  No manifest

Lockfile: 
  

Trace: 
  Error: Command failed.
  Exit code: 1
  Command: C:\Windows\system32\cmd.exe
  Arguments: /d /s /c npm run build && node build/rendertron.js
  Directory: C:\Users\khatrih\source\repos\rendertron
  Output:
  
      at ProcessTermError.MessageError (C:\Program Files (x86)\Yarn\lib\cli.js:186:110)
      at new ProcessTermError (C:\Program Files (x86)\Yarn\lib\cli.js:226:113)
      at ChildProcess.<anonymous> (C:\Program Files (x86)\Yarn\lib\cli.js:30281:17)
      at emitTwo (events.js:126:13)
      at ChildProcess.emit (events.js:214:7)
      at maybeClose (internal/child_process.js:925:16)
      at Process.ChildProcess._handle.onexit (internal/child_process.js:209:5)
